  card.cpp
C:\GitHub\University_TeamProject_GameSystemDesign\TeamProject_GameSystemDesign\TeamProject_GameSystemDesign\ProgramBase.h(1,1): warning C4819: 현재 코드 페이지(949)에서 표시할 수 없는 문자가 파일에 들어 있습니다. 데이터가 손실되지 않게 하려면 해당 파일을 유니코드 형식으로 저장하십시오.
  GameManager.cpp
C:\GitHub\University_TeamProject_GameSystemDesign\TeamProject_GameSystemDesign\TeamProject_GameSystemDesign\ProgramBase.h(1,1): warning C4819: 현재 코드 페이지(949)에서 표시할 수 없는 문자가 파일에 들어 있습니다. 데이터가 손실되지 않게 하려면 해당 파일을 유니코드 형식으로 저장하십시오.
C:\GitHub\University_TeamProject_GameSystemDesign\TeamProject_GameSystemDesign\TeamProject_GameSystemDesign\TileManager.h(1,1): warning C4819: 현재 코드 페이지(949)에서 표시할 수 없는 문자가 파일에 들어 있습니다. 데이터가 손실되지 않게 하려면 해당 파일을 유니코드 형식으로 저장하십시오.
  Main.cpp
C:\GitHub\University_TeamProject_GameSystemDesign\TeamProject_GameSystemDesign\TeamProject_GameSystemDesign\ProgramBase.h(1,1): warning C4819: 현재 코드 페이지(949)에서 표시할 수 없는 문자가 파일에 들어 있습니다. 데이터가 손실되지 않게 하려면 해당 파일을 유니코드 형식으로 저장하십시오.
C:\GitHub\University_TeamProject_GameSystemDesign\TeamProject_GameSystemDesign\TeamProject_GameSystemDesign\TileManager.h(1,1): warning C4819: 현재 코드 페이지(949)에서 표시할 수 없는 문자가 파일에 들어 있습니다. 데이터가 손실되지 않게 하려면 해당 파일을 유니코드 형식으로 저장하십시오.
  CardManager.cpp
C:\GitHub\University_TeamProject_GameSystemDesign\TeamProject_GameSystemDesign\TeamProject_GameSystemDesign\ProgramBase.h(1,1): warning C4819: 현재 코드 페이지(949)에서 표시할 수 없는 문자가 파일에 들어 있습니다. 데이터가 손실되지 않게 하려면 해당 파일을 유니코드 형식으로 저장하십시오.
  ScreenManager.cpp
C:\GitHub\University_TeamProject_GameSystemDesign\TeamProject_GameSystemDesign\TeamProject_GameSystemDesign\ProgramBase.h(1,1): warning C4819: 현재 코드 페이지(949)에서 표시할 수 없는 문자가 파일에 들어 있습니다. 데이터가 손실되지 않게 하려면 해당 파일을 유니코드 형식으로 저장하십시오.
C:\GitHub\University_TeamProject_GameSystemDesign\TeamProject_GameSystemDesign\TeamProject_GameSystemDesign\TileManager.h(1,1): warning C4819: 현재 코드 페이지(949)에서 표시할 수 없는 문자가 파일에 들어 있습니다. 데이터가 손실되지 않게 하려면 해당 파일을 유니코드 형식으로 저장하십시오.
  Tile.cpp
C:\GitHub\University_TeamProject_GameSystemDesign\TeamProject_GameSystemDesign\TeamProject_GameSystemDesign\ProgramBase.h(1,1): warning C4819: 현재 코드 페이지(949)에서 표시할 수 없는 문자가 파일에 들어 있습니다. 데이터가 손실되지 않게 하려면 해당 파일을 유니코드 형식으로 저장하십시오.
  TileManager.cpp
C:\GitHub\University_TeamProject_GameSystemDesign\TeamProject_GameSystemDesign\TeamProject_GameSystemDesign\TileManager.cpp(1,1): warning C4819: 현재 코드 페이지(949)에서 표시할 수 없는 문자가 파일에 들어 있습니다. 데이터가 손실되지 않게 하려면 해당 파일을 유니코드 형식으로 저장하십시오.
C:\GitHub\University_TeamProject_GameSystemDesign\TeamProject_GameSystemDesign\TeamProject_GameSystemDesign\TileManager.h(1,1): warning C4819: 현재 코드 페이지(949)에서 표시할 수 없는 문자가 파일에 들어 있습니다. 데이터가 손실되지 않게 하려면 해당 파일을 유니코드 형식으로 저장하십시오.
C:\GitHub\University_TeamProject_GameSystemDesign\TeamProject_GameSystemDesign\TeamProject_GameSystemDesign\ProgramBase.h(1,1): warning C4819: 현재 코드 페이지(949)에서 표시할 수 없는 문자가 파일에 들어 있습니다. 데이터가 손실되지 않게 하려면 해당 파일을 유니코드 형식으로 저장하십시오.
  코드를 생성하고 있습니다...
C:\GitHub\University_TeamProject_GameSystemDesign\TeamProject_GameSystemDesign\TeamProject_GameSystemDesign\card.cpp(38): warning C4715: 'Card::CreateMergedCard': 모든 제어 경로에서 값을 반환하지는 않습니다.
  TeamProject_GameSystemDesign.vcxproj -> C:\GitHub\University_TeamProject_GameSystemDesign\TeamProject_GameSystemDesign\x64\Debug\TeamProject_GameSystemDesign.exe
